<?xml version="1.0" encoding="UTF-8"?>
<!-- Generated by org.testng.reporters.JUnitReportReporter -->
<testsuite skipped="0" hostname="DESKTOP-8C2DA9I" name="qaAcademy.ValidateTitle" tests="1" failures="0" timestamp="2020-03-23T13:46:31 EDT" time="0.425" errors="0">
  <testcase name="verifytitle" time="0.425" classname="qaAcademy.ValidateTitle"/>
</testsuite> <!-- qaAcademy.ValidateTitle -->
