<?xml version="1.0" encoding="UTF-8"?>
<!-- Generated by org.testng.reporters.JUnitReportReporter -->
<testsuite hostname="DESKTOP-8C2DA9I" name="Automation.QaAcademy.HomePage" tests="1" failures="0" timestamp="19 Mar 2020 16:54:14 GMT" time="20.240" errors="0">
  <testcase name="basePageNavigation" time="20.240" classname="Automation.QaAcademy.HomePage"/>
</testsuite> <!-- Automation.QaAcademy.HomePage -->
